#
# A fatal error has been detected by the Java Runtime Environment:
#
#  EXCEPTION_IN_PAGE_ERROR (0xc0000006) at pc=0x6c3e9d2f, pid=4476, tid=0x00000bf4
#
# JRE version: Java(TM) SE Runtime Environment (8.0_112-b15) (build 1.8.0_112-b15)
# Java VM: Java HotSpot(TM) Client VM (25.112-b15 mixed mode, sharing windows-x86 )
# Problematic frame:
# V  [jvm.dll+0xb9d2f]
#
# Failed to write core dump. Minidumps are not enabled by default on client versions of Windows
#
# If you would like to submit a bug report, please visit:
#   http://bugreport.java.com/bugreport/crash.jsp
#

---------------  T H R E A D  ---------------

Current thread (0x02250800):  JavaThread "main" [_thread_in_vm, id=3060, stack(0x02200000,0x02250000)]

siginfo: ExceptionCode=0xc0000006

Error accessing class data sharing archive. Mapped file inaccessible during execution,  possible disk/network problem.

Registers:
EAX=0x20000031, EBX=0x152cc6a8, ECX=0x15e325e8, EDX=0x6c3e9d10
ESP=0x0224df90, EBP=0x0224dfa8, ESI=0x15e325e8, EDI=0x02250800
EIP=0x6c3e9d2f, EFLAGS=0x00010202

Top of Stack: (sp=0x0224df90)
0x0224df90:   02250800 15e325e8 02250800 152cc6a8
0x0224dfa0:   20000031 15e325e8 0224dfb8 6c376ce5
0x0224dfb0:   02250800 02250800 0224dfd4 6c3f8dda
0x0224dfc0:   15e325e8 00000000 00000000 02250800
0x0224dfd0:   15e325e8 0224e010 6c3ed7a0 02254f98
0x0224dfe0:   00000000 02250800 0236ed44 00000000
0x0224dff0:   0224e034 0224e010 6c4a75cf 0236ed44
0x0224e000:   0224e03c 00000000 02250800 15e325e8 

Instructions: (pc=0x6c3e9d2f)
0x6c3e9d0f:   cc 55 8b ec 83 ec 0c 8b 41 54 53 8b 99 84 00 00
0x6c3e9d1f:   00 56 57 89 4d fc 89 45 f8 89 5d f4 85 db 74 1a
0x6c3e9d2f:   8b 3b 8b d7 81 e2 03 00 00 80 79 05 4a 83 ca fc
0x6c3e9d3f:   42 83 fa 02 75 06 2b fa eb 02 33 ff 33 f6 85 ff 


Register to memory mapping:

EAX=0x20000031 is an unknown value
EBX=
[error occurred during error reporting (printing register info), id 0xc0000006]

Stack: [0x02200000,0x02250000],  sp=0x0224df90,  free space=311k
Native frames: (J=compiled Java code, j=interpreted, Vv=VM code, C=native code)
V  [jvm.dll+0xb9d2f]
V  [jvm.dll+0x46ce5]
V  [jvm.dll+0xc8dda]
V  [jvm.dll+0xbd7a0]
V  [jvm.dll+0x4eff6]
V  [jvm.dll+0x4f513]
V  [jvm.dll+0x5054d]
V  [jvm.dll+0x50c8a]
V  [jvm.dll+0x51ed0]
V  [jvm.dll+0x51f1a]
V  [jvm.dll+0xacc38]
V  [jvm.dll+0x80b12]
V  [jvm.dll+0xad6d6]
V  [jvm.dll+0x84ecc]
V  [jvm.dll+0x85f62]
V  [jvm.dll+0x81517]
j  java.lang.Math.ceil(D)D+1
j  java.math.BigDecimal.divide(Ljava/math/BigDecimal;)Ljava/math/BigDecimal;+83
j  org.openqa.selenium.remote.ErrorHandler.duration(J)Ljava/lang/String;+64
j  org.openqa.selenium.remote.ErrorHandler.throwIfResponseFailed(Lorg/openqa/selenium/remote/Response;J)Lorg/openqa/selenium/remote/Response;+292
j  org.openqa.selenium.remote.RemoteWebDriver.execute(Ljava/lang/String;Ljava/util/Map;)Lorg/openqa/selenium/remote/Response;+271
j  org.openqa.selenium.remote.RemoteWebDriver.findElement(Ljava/lang/String;Ljava/lang/String;)Lorg/openqa/selenium/WebElement;+26
j  org.openqa.selenium.remote.RemoteWebDriver.findElementByCssSelector(Ljava/lang/String;)Lorg/openqa/selenium/WebElement;+4
j  org.openqa.selenium.By$ByCssSelector.findElement(Lorg/openqa/selenium/SearchContext;)Lorg/openqa/selenium/WebElement;+15
j  org.openqa.selenium.remote.RemoteWebDriver.findElement(Lorg/openqa/selenium/By;)Lorg/openqa/selenium/WebElement;+2
j  org.openqa.selenium.support.pagefactory.DefaultElementLocator.findElement()Lorg/openqa/selenium/WebElement;+27
j  org.openqa.selenium.support.pagefactory.internal.LocatingElementHandler.invoke(Ljava/lang/Object;Ljava/lang/reflect/Method;[Ljava/lang/Object;)Ljava/lang/Object;+4
j  com.sun.proxy.$Proxy6.isDisplayed()Z+9
j  acme.expedia.framework.pages.SearchPageFactoryHp.checkFlightOptionButtonsDisabled()Z+4
j  acme.expedia.tests.frameworkTestCaseChromeHp.test()V+263
v  ~StubRoutines::call_stub
V  [jvm.dll+0x15a945]
V  [jvm.dll+0x220d0e]
V  [jvm.dll+0x15a9de]
V  [jvm.dll+0x167178]
V  [jvm.dll+0x1673e3]
V  [jvm.dll+0x103be3]
C  [java.dll+0x3b26]
j  sun.reflect.NativeMethodAccessorImpl.invoke(Ljava/lang/Object;[Ljava/lang/Object;)Ljava/lang/Object;+100
j  sun.reflect.DelegatingMethodAccessorImpl.invoke(Ljava/lang/Object;[Ljava/lang/Object;)Ljava/lang/Object;+6
j  java.lang.reflect.Method.invoke(Ljava/lang/Object;[Ljava/lang/Object;)Ljava/lang/Object;+56
j  org.testng.internal.MethodInvocationHelper.invokeMethod(Ljava/lang/reflect/Method;Ljava/lang/Object;[Ljava/lang/Object;)Ljava/lang/Object;+242
j  org.testng.internal.Invoker.invokeMethod(Ljava/lang/Object;Lorg/testng/ITestNGMethod;[Ljava/lang/Object;ILorg/testng/xml/XmlSuite;Ljava/util/Map;Lorg/testng/ITestClass;[Lorg/testng/ITestNGMethod;[Lorg/testng/ITestNGMethod;Lorg/testng/internal/ConfigurationGroupMethods;Lorg/testng/internal/Invoker$FailureContext;)Lorg/testng/ITestResult;+269
j  org.testng.internal.Invoker.invokeTestMethod(Ljava/lang/Object;Lorg/testng/ITestNGMethod;[Ljava/lang/Object;ILorg/testng/xml/XmlSuite;Ljava/util/Map;Lorg/testng/ITestClass;[Lorg/testng/ITestNGMethod;[Lorg/testng/ITestNGMethod;Lorg/testng/internal/ConfigurationGroupMethods;Lorg/testng/internal/Invoker$FailureContext;)Lorg/testng/ITestResult;+29
j  org.testng.internal.Invoker.invokeTestMethods(Lorg/testng/ITestNGMethod;Lorg/testng/xml/XmlSuite;Ljava/util/Map;Lorg/testng/internal/ConfigurationGroupMethods;Ljava/lang/Object;Lorg/testng/ITestContext;)Ljava/util/List;+757
j  org.testng.internal.TestMethodWorker.invokeTestMethods(Lorg/testng/ITestNGMethod;Ljava/lang/Object;Lorg/testng/ITestContext;)V+19
j  org.testng.internal.TestMethodWorker.run()V+60
j  org.testng.TestRunner.privateRun(Lorg/testng/xml/XmlTest;)V+311
j  org.testng.TestRunner.run()V+26
j  org.testng.SuiteRunner.runTest(Lorg/testng/TestRunner;)V+1
j  org.testng.SuiteRunner.runSequentially()V+31
j  org.testng.SuiteRunner.privateRun()V+288
j  org.testng.SuiteRunner.run()V+6
j  org.testng.SuiteRunnerWorker.runSuite(Lorg/testng/internal/SuiteRunnerMap;Lorg/testng/xml/XmlSuite;)V+89
j  org.testng.SuiteRunnerWorker.run()V+12
j  org.testng.TestNG.runSuitesSequentially(Lorg/testng/xml/XmlSuite;Lorg/testng/internal/SuiteRunnerMap;ILjava/lang/String;)V+66
j  org.testng.TestNG.runSuitesLocally()Ljava/util/List;+143
j  org.testng.TestNG.runSuites()Ljava/util/List;+1
j  org.testng.TestNG.run()V+47
j  org.testng.IDEARemoteTestNG.run()V+270
j  org.testng.RemoteTestNGStarter.main([Ljava/lang/String;)V+537
v  ~StubRoutines::call_stub
V  [jvm.dll+0x15a945]
V  [jvm.dll+0x220d0e]
V  [jvm.dll+0x15a9de]
V  [jvm.dll+0x167178]
V  [jvm.dll+0x1673e3]
V  [jvm.dll+0x103be3]
C  [java.dll+0x3b26]
j  sun.reflect.NativeMethodAccessorImpl.invoke(Ljava/lang/Object;[Ljava/lang/Object;)Ljava/lang/Object;+100
j  sun.reflect.DelegatingMethodAccessorImpl.invoke(Ljava/lang/Object;[Ljava/lang/Object;)Ljava/lang/Object;+6
j  java.lang.reflect.Method.invoke(Ljava/lang/Object;[Ljava/lang/Object;)Ljava/lang/Object;+56
j  com.intellij.rt.execution.application.AppMain.main([Ljava/lang/String;)V+170
v  ~StubRoutines::call_stub
V  [jvm.dll+0x15a945]
V  [jvm.dll+0x220d0e]
V  [jvm.dll+0x15a9de]
V  [jvm.dll+0xdc707]
V  [jvm.dll+0xe4c9f]
C  [java.exe+0x229e]
C  [java.exe+0xae9f]
C  [java.exe+0xaf29]
C  [KERNEL32.DLL+0x162c4]
C  [ntdll.dll+0x60fd9]
C  [ntdll.dll+0x60fa4]
C  0x00000000

Java frames: (J=compiled Java code, j=interpreted, Vv=VM code)
j  java.lang.Math.ceil(D)D+1
j  java.math.BigDecimal.divide(Ljava/math/BigDecimal;)Ljava/math/BigDecimal;+83
j  org.openqa.selenium.remote.ErrorHandler.duration(J)Ljava/lang/String;+64
j  org.openqa.selenium.remote.ErrorHandler.throwIfResponseFailed(Lorg/openqa/selenium/remote/Response;J)Lorg/openqa/selenium/remote/Response;+292
j  org.openqa.selenium.remote.RemoteWebDriver.execute(Ljava/lang/String;Ljava/util/Map;)Lorg/openqa/selenium/remote/Response;+271
j  org.openqa.selenium.remote.RemoteWebDriver.findElement(Ljava/lang/String;Ljava/lang/String;)Lorg/openqa/selenium/WebElement;+26
j  org.openqa.selenium.remote.RemoteWebDriver.findElementByCssSelector(Ljava/lang/String;)Lorg/openqa/selenium/WebElement;+4
j  org.openqa.selenium.By$ByCssSelector.findElement(Lorg/openqa/selenium/SearchContext;)Lorg/openqa/selenium/WebElement;+15
j  org.openqa.selenium.remote.RemoteWebDriver.findElement(Lorg/openqa/selenium/By;)Lorg/openqa/selenium/WebElement;+2
j  org.openqa.selenium.support.pagefactory.DefaultElementLocator.findElement()Lorg/openqa/selenium/WebElement;+27
j  org.openqa.selenium.support.pagefactory.internal.LocatingElementHandler.invoke(Ljava/lang/Object;Ljava/lang/reflect/Method;[Ljava/lang/Object;)Ljava/lang/Object;+4
j  com.sun.proxy.$Proxy6.isDisplayed()Z+9
j  acme.expedia.framework.pages.SearchPageFactoryHp.checkFlightOptionButtonsDisabled()Z+4
j  acme.expedia.tests.frameworkTestCaseChromeHp.test()V+263
v  ~StubRoutines::call_stub
j  sun.reflect.NativeMethodAccessorImpl.invoke0(Ljava/lang/reflect/Method;Ljava/lang/Object;[Ljava/lang/Object;)Ljava/lang/Object;+0
j  sun.reflect.NativeMethodAccessorImpl.invoke(Ljava/lang/Object;[Ljava/lang/Object;)Ljava/lang/Object;+100
j  sun.reflect.DelegatingMethodAccessorImpl.invoke(Ljava/lang/Object;[Ljava/lang/Object;)Ljava/lang/Object;+6
j  java.lang.reflect.Method.invoke(Ljava/lang/Object;[Ljava/lang/Object;)Ljava/lang/Object;+56
j  org.testng.internal.MethodInvocationHelper.invokeMethod(Ljava/lang/reflect/Method;Ljava/lang/Object;[Ljava/lang/Object;)Ljava/lang/Object;+242
j  org.testng.internal.Invoker.invokeMethod(Ljava/lang/Object;Lorg/testng/ITestNGMethod;[Ljava/lang/Object;ILorg/testng/xml/XmlSuite;Ljava/util/Map;Lorg/testng/ITestClass;[Lorg/testng/ITestNGMethod;[Lorg/testng/ITestNGMethod;Lorg/testng/internal/ConfigurationGroupMethods;Lorg/testng/internal/Invoker$FailureContext;)Lorg/testng/ITestResult;+269
j  org.testng.internal.Invoker.invokeTestMethod(Ljava/lang/Object;Lorg/testng/ITestNGMethod;[Ljava/lang/Object;ILorg/testng/xml/XmlSuite;Ljava/util/Map;Lorg/testng/ITestClass;[Lorg/testng/ITestNGMethod;[Lorg/testng/ITestNGMethod;Lorg/testng/internal/ConfigurationGroupMethods;Lorg/testng/internal/Invoker$FailureContext;)Lorg/testng/ITestResult;+29
j  org.testng.internal.Invoker.invokeTestMethods(Lorg/testng/ITestNGMethod;Lorg/testng/xml/XmlSuite;Ljava/util/Map;Lorg/testng/internal/ConfigurationGroupMethods;Ljava/lang/Object;Lorg/testng/ITestContext;)Ljava/util/List;+757
j  org.testng.internal.TestMethodWorker.invokeTestMethods(Lorg/testng/ITestNGMethod;Ljava/lang/Object;Lorg/testng/ITestContext;)V+19
j  org.testng.internal.TestMethodWorker.run()V+60
j  org.testng.TestRunner.privateRun(Lorg/testng/xml/XmlTest;)V+311
j  org.testng.TestRunner.run()V+26
j  org.testng.SuiteRunner.runTest(Lorg/testng/TestRunner;)V+1
j  org.testng.SuiteRunner.runSequentially()V+31
j  org.testng.SuiteRunner.privateRun()V+288
j  org.testng.SuiteRunner.run()V+6
j  org.testng.SuiteRunnerWorker.runSuite(Lorg/testng/internal/SuiteRunnerMap;Lorg/testng/xml/XmlSuite;)V+89
j  org.testng.SuiteRunnerWorker.run()V+12
j  org.testng.TestNG.runSuitesSequentially(Lorg/testng/xml/XmlSuite;Lorg/testng/internal/SuiteRunnerMap;ILjava/lang/String;)V+66
j  org.testng.TestNG.runSuitesLocally()Ljava/util/List;+143
j  org.testng.TestNG.runSuites()Ljava/util/List;+1
j  org.testng.TestNG.run()V+47
j  org.testng.IDEARemoteTestNG.run()V+270
j  org.testng.RemoteTestNGStarter.main([Ljava/lang/String;)V+537
v  ~StubRoutines::call_stub
j  sun.reflect.NativeMethodAccessorImpl.invoke0(Ljava/lang/reflect/Method;Ljava/lang/Object;[Ljava/lang/Object;)Ljava/lang/Object;+0
j  sun.reflect.NativeMethodAccessorImpl.invoke(Ljava/lang/Object;[Ljava/lang/Object;)Ljava/lang/Object;+100
j  sun.reflect.DelegatingMethodAccessorImpl.invoke(Ljava/lang/Object;[Ljava/lang/Object;)Ljava/lang/Object;+6
j  java.lang.reflect.Method.invoke(Ljava/lang/Object;[Ljava/lang/Object;)Ljava/lang/Object;+56
j  com.intellij.rt.execution.application.AppMain.main([Ljava/lang/String;)V+170
v  ~StubRoutines::call_stub

---------------  P R O C E S S  ---------------

Java Threads: ( => current thread )
  0x1613a800 JavaThread "Exec Stream Pumper" daemon [_thread_in_native, id=15120, stack(0x16650000,0x166a0000)]
  0x1613a000 JavaThread "Exec Stream Pumper" daemon [_thread_in_native, id=11328, stack(0x165c0000,0x16610000)]
  0x1612f800 JavaThread "UrlChecker-2" daemon [_thread_blocked, id=11752, stack(0x16330000,0x16380000)]
  0x1612f400 JavaThread "Exec Default Executor" daemon [_thread_in_native, id=12976, stack(0x162a0000,0x162f0000)]
  0x1550b800 JavaThread "Monitor Ctrl-Break" daemon [_thread_in_native, id=12636, stack(0x15740000,0x15790000)]
  0x02302000 JavaThread "Service Thread" daemon [_thread_blocked, id=17124, stack(0x15420000,0x15470000)]
  0x022e3800 JavaThread "C1 CompilerThread0" daemon [_thread_blocked, id=8644, stack(0x15390000,0x153e0000)]
  0x022e2000 JavaThread "Attach Listener" daemon [_thread_blocked, id=776, stack(0x15300000,0x15350000)]
  0x022e0000 JavaThread "Signal Dispatcher" daemon [_thread_blocked, id=7844, stack(0x14c30000,0x14c80000)]
  0x022d6c00 JavaThread "Finalizer" daemon [_thread_blocked, id=10568, stack(0x14ab0000,0x14b00000)]
  0x0227a000 JavaThread "Reference Handler" daemon [_thread_blocked, id=1332, stack(0x14a20000,0x14a70000)]
=>0x02250800 JavaThread "main" [_thread_in_vm, id=3060, stack(0x02200000,0x02250000)]

Other Threads:
  0x02276800 VMThread [stack: 0x14990000,0x149e0000] [id=12752]
  0x02318000 WatcherThread [stack: 0x154b0000,0x15500000] [id=4556]

VM state:synchronizing (normal execution)

VM Mutex/Monitor currently owned by a thread:  ([mutex/lock_event])
[0x0236d808] Threads_lock - owner thread: 0x02276800

Heap:
 def new generation   total 4928K, used 3055K [0x04400000, 0x04950000, 0x09950000)
  eden space 4416K,  68% used [0x04400000, 0x046f4380, 0x04850000)
  from space 512K,   5% used [0x048d0000, 0x048d7a98, 0x04950000)
  to   space 512K,   0% used [0x04850000, 0x04850000, 0x048d0000)
 tenured generation   total 10944K, used 6338K [0x09950000, 0x0a400000, 0x14400000)
   the space 10944K,  57% used [0x09950000, 0x09f80ae0, 0x09f80c00, 0x0a400000)
 Metaspace       used 6007K, capacity 6228K, committed 6272K, reserved 6528K

Card table byte_map: [0x14400000,0x14490000] byte_map_base: 0x143de000

Polling page: 0x02140000

CodeCache: size=32768Kb used=1740Kb max_used=1740Kb free=31027Kb
 bounds [0x02370000, 0x02528000, 0x04370000]
 total_blobs=982 nmethods=796 adapters=117
 compilation: enabled

Compilation events (10 events):
Event: 16.516 Thread 0x022e3800  800             java.lang.Class::argumentTypesToString (79 bytes)
Event: 16.517 Thread 0x022e3800 nmethod 800 0x0251fd88 code [0x0251fee0, 0x025201a8]
Event: 16.517 Thread 0x022e3800  801             java.util.Formatter$FormatSpecifier::justify (105 bytes)
Event: 16.517 Thread 0x022e3800 nmethod 801 0x02520448 code [0x025205c0, 0x02520c18]
Event: 16.517 Thread 0x022e3800  802             java.lang.Class::getSimpleName (120 bytes)
Event: 16.518 Thread 0x022e3800 nmethod 802 0x02521348 code [0x02521520, 0x02521a18]
Event: 16.518 Thread 0x022e3800  803             org.apache.http.message.BasicRequestLine::getProtocolVersion (5 bytes)
Event: 16.518 Thread 0x022e3800 nmethod 803 0x02522048 code [0x02522140, 0x025221c0]
Event: 26.546 Thread 0x022e3800  804   !         java.lang.Class::getSimpleBinaryName (38 bytes)
Event: 26.546 Thread 0x022e3800 nmethod 804 0x02522208 code [0x02522350, 0x0252252c]

GC Heap History (10 events):
Event: 3.484 GC heap before
{Heap before GC invocations=10 (full 0):
 def new generation   total 4928K, used 4928K [0x04400000, 0x04950000, 0x09950000)
  eden space 4416K, 100% used [0x04400000, 0x04850000, 0x04850000)
  from space 512K, 100% used [0x04850000, 0x048d0000, 0x048d0000)
  to   space 512K,   0% used [0x048d0000, 0x048d0000, 0x04950000)
 tenured generation   total 10944K, used 5729K [0x09950000, 0x0a400000, 0x14400000)
   the space 10944K,  52% used [0x09950000, 0x09ee8658, 0x09ee8800, 0x0a400000)
 Metaspace       used 5614K, capacity 5821K, committed 5888K, reserved 6528K
Event: 3.485 GC heap after
Heap after GC invocations=11 (full 0):
 def new generation   total 4928K, used 512K [0x04400000, 0x04950000, 0x09950000)
  eden space 4416K,   0% used [0x04400000, 0x04400000, 0x04850000)
  from space 512K, 100% used [0x048d0000, 0x04950000, 0x04950000)
  to   space 512K,   0% used [0x04850000, 0x04850000, 0x048d0000)
 tenured generation   total 10944K, used 6091K [0x09950000, 0x0a400000, 0x14400000)
   the space 10944K,  55% used [0x09950000, 0x09f42f08, 0x09f43000, 0x0a400000)
 Metaspace       used 5614K, capacity 5821K, committed 5888K, reserved 6528K
}
Event: 12.971 GC heap before
{Heap before GC invocations=11 (full 0):
 def new generation   total 4928K, used 4928K [0x04400000, 0x04950000, 0x09950000)
  eden space 4416K, 100% used [0x04400000, 0x04850000, 0x04850000)
  from space 512K, 100% used [0x048d0000, 0x04950000, 0x04950000)
  to   space 512K,   0% used [0x04850000, 0x04850000, 0x048d0000)
 tenured generation   total 10944K, used 6091K [0x09950000, 0x0a400000, 0x14400000)
   the space 10944K,  55% used [0x09950000, 0x09f42f08, 0x09f43000, 0x0a400000)
 Metaspace       used 5830K, capacity 6018K, committed 6144K, reserved 6528K
Event: 12.975 GC heap after
Heap after GC invocations=12 (full 0):
 def new generation   total 4928K, used 413K [0x04400000, 0x04950000, 0x09950000)
  eden space 4416K,   0% used [0x04400000, 0x04400000, 0x04850000)
  from space 512K,  80% used [0x04850000, 0x048b7508, 0x048d0000)
  to   space 512K,   0% used [0x048d0000, 0x048d0000, 0x04950000)
 tenured generation   total 10944K, used 6208K [0x09950000, 0x0a400000, 0x14400000)
   the space 10944K,  56% used [0x09950000, 0x09f601b8, 0x09f60200, 0x0a400000)
 Metaspace       used 5830K, capacity 6018K, committed 6144K, reserved 6528K
}
Event: 14.843 GC heap before
{Heap before GC invocations=12 (full 0):
 def new generation   total 4928K, used 4829K [0x04400000, 0x04950000, 0x09950000)
  eden space 4416K, 100% used [0x04400000, 0x04850000, 0x04850000)
  from space 512K,  80% used [0x04850000, 0x048b7508, 0x048d0000)
  to   space 512K,   0% used [0x048d0000, 0x048d0000, 0x04950000)
 tenured generation   total 10944K, used 6208K [0x09950000, 0x0a400000, 0x14400000)
   the space 10944K,  56% used [0x09950000, 0x09f601b8, 0x09f60200, 0x0a400000)
 Metaspace       used 5854K, capacity 6050K, committed 6144K, reserved 6528K
Event: 14.845 GC heap after
Heap after GC invocations=13 (full 0):
 def new generation   total 4928K, used 57K [0x04400000, 0x04950000, 0x09950000)
  eden space 4416K,   0% used [0x04400000, 0x04400000, 0x04850000)
  from space 512K,  11% used [0x048d0000, 0x048de7a0, 0x04950000)
  to   space 512K,   0% used [0x04850000, 0x04850000, 0x048d0000)
 tenured generation   total 10944K, used 6338K [0x09950000, 0x0a400000, 0x14400000)
   the space 10944K,  57% used [0x09950000, 0x09f80ae0, 0x09f80c00, 0x0a400000)
 Metaspace       used 5854K, capacity 6050K, committed 6144K, reserved 6528K
}
Event: 15.407 GC heap before
{Heap before GC invocations=13 (full 0):
 def new generation   total 4928K, used 4473K [0x04400000, 0x04950000, 0x09950000)
  eden space 4416K, 100% used [0x04400000, 0x04850000, 0x04850000)
  from space 512K,  11% used [0x048d0000, 0x048de7a0, 0x04950000)
  to   space 512K,   0% used [0x04850000, 0x04850000, 0x048d0000)
 tenured generation   total 10944K, used 6338K [0x09950000, 0x0a400000, 0x14400000)
   the space 10944K,  57% used [0x09950000, 0x09f80ae0, 0x09f80c00, 0x0a400000)
 Metaspace       used 5854K, capacity 6050K, committed 6144K, reserved 6528K
Event: 15.408 GC heap after
Heap after GC invocations=14 (full 0):
 def new generation   total 4928K, used 60K [0x04400000, 0x04950000, 0x09950000)
  eden space 4416K,   0% used [0x04400000, 0x04400000, 0x04850000)
  from space 512K,  11% used [0x04850000, 0x0485f278, 0x048d0000)
  to   space 512K,   0% used [0x048d0000, 0x048d0000, 0x04950000)
 tenured generation   total 10944K, used 6338K [0x09950000, 0x0a400000, 0x14400000)
   the space 10944K,  57% used [0x09950000, 0x09f80ae0, 0x09f80c00, 0x0a400000)
 Metaspace       used 5854K, capacity 6050K, committed 6144K, reserved 6528K
}
Event: 16.136 GC heap before
{Heap before GC invocations=14 (full 0):
 def new generation   total 4928K, used 4476K [0x04400000, 0x04950000, 0x09950000)
  eden space 4416K, 100% used [0x04400000, 0x04850000, 0x04850000)
  from space 512K,  11% used [0x04850000, 0x0485f278, 0x048d0000)
  to   space 512K,   0% used [0x048d0000, 0x048d0000, 0x04950000)
 tenured generation   total 10944K, used 6338K [0x09950000, 0x0a400000, 0x14400000)
   the space 10944K,  57% used [0x09950000, 0x09f80ae0, 0x09f80c00, 0x0a400000)
 Metaspace       used 5854K, capacity 6050K, committed 6144K, reserved 6528K
Event: 16.138 GC heap after
Heap after GC invocations=15 (full 0):
 def new generation   total 4928K, used 30K [0x04400000, 0x04950000, 0x09950000)
  eden space 4416K,   0% used [0x04400000, 0x04400000, 0x04850000)
  from space 512K,   5% used [0x048d0000, 0x048d7a98, 0x04950000)
  to   space 512K,   0% used [0x04850000, 0x04850000, 0x048d0000)
 tenured generation   total 10944K, used 6338K [0x09950000, 0x0a400000, 0x14400000)
   the space 10944K,  57% used [0x09950000, 0x09f80ae0, 0x09f80c00, 0x0a400000)
 Metaspace       used 5854K, capacity 6050K, committed 6144K, reserved 6528K
}

Deoptimization events (0 events):
No events

Internal exceptions (10 events):
Event: 0.999 Thread 0x02250800 Exception <a 'java/lang/NoSuchFieldError': method resolution failed> (0x04442a78) thrown at [C:\re\workspace\8-2-build-windows-i586-cygwin\jdk8u112\7884\hotspot\src\share\vm\prims\methodHandles.cpp, line 1146]
Event: 1.710 Thread 0x1612f800 Exception <a 'java/net/SocketTimeoutException': connect timed out> (0x04530288) thrown at [C:\re\workspace\8-2-build-windows-i586-cygwin\jdk8u112\7884\hotspot\src\share\vm\prims\jni.cpp, line 735]
Event: 1.822 Thread 0x02250800 Exception <a 'java/lang/ArrayIndexOutOfBoundsException'> (0x047dbf30) thrown at [C:\re\workspace\8-2-build-windows-i586-cygwin\jdk8u112\7884\hotspot\src\share\vm\runtime\sharedRuntime.cpp, line 605]
Event: 1.822 Thread 0x02250800 Exception <a 'java/lang/ArrayIndexOutOfBoundsException'> (0x047dd5c0) thrown at [C:\re\workspace\8-2-build-windows-i586-cygwin\jdk8u112\7884\hotspot\src\share\vm\runtime\sharedRuntime.cpp, line 605]
Event: 1.822 Thread 0x02250800 Exception <a 'java/lang/ArrayIndexOutOfBoundsException'> (0x047de7f0) thrown at [C:\re\workspace\8-2-build-windows-i586-cygwin\jdk8u112\7884\hotspot\src\share\vm\runtime\sharedRuntime.cpp, line 605]
Event: 1.830 Thread 0x02250800 Exception <a 'java/lang/ArrayIndexOutOfBoundsException'> (0x048378d0) thrown at [C:\re\workspace\8-2-build-windows-i586-cygwin\jdk8u112\7884\hotspot\src\share\vm\runtime\sharedRuntime.cpp, line 605]
Event: 1.830 Thread 0x02250800 Exception <a 'java/lang/ArrayIndexOutOfBoundsException'> (0x0483edd8) thrown at [C:\re\workspace\8-2-build-windows-i586-cygwin\jdk8u112\7884\hotspot\src\share\vm\runtime\sharedRuntime.cpp, line 605]
Event: 1.830 Thread 0x02250800 Exception <a 'java/lang/ArrayIndexOutOfBoundsException'> (0x04840670) thrown at [C:\re\workspace\8-2-build-windows-i586-cygwin\jdk8u112\7884\hotspot\src\share\vm\runtime\sharedRuntime.cpp, line 605]
Event: 1.830 Thread 0x02250800 Exception <a 'java/lang/ArrayIndexOutOfBoundsException'> (0x04841af8) thrown at [C:\re\workspace\8-2-build-windows-i586-cygwin\jdk8u112\7884\hotspot\src\share\vm\runtime\sharedRuntime.cpp, line 605]
Event: 1.831 Thread 0x02250800 Exception <a 'java/lang/ArrayIndexOutOfBoundsException'> (0x04849350) thrown at [C:\re\workspace\8-2-build-windows-i586-cygwin\jdk8u112\7884\hotspot\src\share\vm\runtime\sharedRuntime.cpp, line 605]

Events (10 events):
Event: 16.419 loading class java/util/stream/ReferencePipeline$2$1
Event: 16.419 loading class java/util/stream/ReferencePipeline$2$1 done
Event: 16.419 loading class org/openqa/selenium/remote/ErrorCodes$KnownError
Event: 16.419 loading class org/openqa/selenium/remote/ErrorCodes$KnownError done
Event: 16.420 loading class org/openqa/selenium/remote/ErrorCodes$KnownError
Event: 16.420 loading class org/openqa/selenium/remote/ErrorCodes$KnownError done
Event: 26.547 loading class java/math/BigDecimal$1
Event: 26.547 loading class java/math/BigDecimal$1 done
Event: 26.547 loading class java/math/MathContext
Event: 26.548 loading class java/math/MathContext done


Dynamic libraries:
0x00230000 - 0x00263000 	E:\MyProgramFiles\Java\jdk1.8.0_112\bin\java.exe
0x76fc0000 - 0x77143000 	C:\WINDOWS\SYSTEM32\ntdll.dll
0x76cf0000 - 0x76dd0000 	C:\WINDOWS\System32\KERNEL32.DLL
0x73aa0000 - 0x73c41000 	C:\WINDOWS\System32\KERNELBASE.dll
0x73970000 - 0x73a02000 	C:\WINDOWS\system32\apphelp.dll
0x76380000 - 0x763f7000 	C:\WINDOWS\System32\ADVAPI32.dll
0x746f0000 - 0x747ae000 	C:\WINDOWS\System32\msvcrt.dll
0x74d10000 - 0x74d51000 	C:\WINDOWS\System32\sechost.dll
0x74d60000 - 0x74e21000 	C:\WINDOWS\System32\RPCRT4.dll
0x73a80000 - 0x73a9e000 	C:\WINDOWS\System32\SspiCli.dll
0x73a70000 - 0x73a7a000 	C:\WINDOWS\System32\CRYPTBASE.dll
0x747b0000 - 0x7480a000 	C:\WINDOWS\System32\bcryptPrimitives.dll
0x73fa0000 - 0x740ff000 	C:\WINDOWS\System32\USER32.dll
0x74590000 - 0x745a5000 	C:\WINDOWS\System32\win32u.dll
0x76e80000 - 0x76eab000 	C:\WINDOWS\System32\GDI32.dll
0x76ae0000 - 0x76c3b000 	C:\WINDOWS\System32\gdi32full.dll
0x70620000 - 0x7082a000 	C:\WINDOWS\WinSxS\x86_microsoft.windows.common-controls_6595b64144ccf1df_6.0.14393.447_none_89c64d28dafea4b9\COMCTL32.dll
0x74100000 - 0x74311000 	C:\WINDOWS\System32\combase.dll
0x73c50000 - 0x73d30000 	C:\WINDOWS\System32\ucrtbase.dll
0x74560000 - 0x74585000 	C:\WINDOWS\System32\IMM32.DLL
0x771a0000 - 0x7725f000 	E:\MyProgramFiles\Java\jdk1.8.0_112\jre\bin\msvcr100.dll
0x6c330000 - 0x6c6fe000 	E:\MyProgramFiles\Java\jdk1.8.0_112\jre\bin\client\jvm.dll
0x74f90000 - 0x74f96000 	C:\WINDOWS\System32\PSAPI.DLL
0x6a630000 - 0x6a654000 	C:\WINDOWS\SYSTEM32\WINMM.dll
0x73830000 - 0x73838000 	C:\WINDOWS\SYSTEM32\VERSION.dll
0x6ff20000 - 0x6ff28000 	C:\WINDOWS\SYSTEM32\WSOCK32.dll
0x74e30000 - 0x74e93000 	C:\WINDOWS\System32\WS2_32.dll
0x6a530000 - 0x6a553000 	C:\WINDOWS\SYSTEM32\WINMMBASE.dll
0x73eb0000 - 0x73ee6000 	C:\WINDOWS\System32\cfgmgr32.dll
0x51ad0000 - 0x51adc000 	E:\MyProgramFiles\Java\jdk1.8.0_112\jre\bin\verify.dll
0x50ea0000 - 0x50ec1000 	E:\MyProgramFiles\Java\jdk1.8.0_112\jre\bin\java.dll
0x50fc0000 - 0x50fd3000 	E:\MyProgramFiles\Java\jdk1.8.0_112\jre\bin\zip.dll
0x74fa0000 - 0x76379000 	C:\WINDOWS\System32\SHELL32.dll
0x76520000 - 0x76a8e000 	C:\WINDOWS\System32\windows.storage.dll
0x76ca0000 - 0x76ce5000 	C:\WINDOWS\System32\powrprof.dll
0x76a90000 - 0x76ad6000 	C:\WINDOWS\System32\shlwapi.dll
0x74320000 - 0x7432d000 	C:\WINDOWS\System32\kernel.appcore.dll
0x76490000 - 0x76518000 	C:\WINDOWS\System32\shcore.dll
0x748f0000 - 0x748ff000 	C:\WINDOWS\System32\profapi.dll
0x14cc0000 - 0x14cc7000 	E:\MyProgram Files\JetBrains\IntelliJ IDEA Community Edition 2016.3.2\bin\breakgen.dll
0x50e80000 - 0x50e96000 	E:\MyProgramFiles\Java\jdk1.8.0_112\jre\bin\net.dll
0x73490000 - 0x734de000 	C:\WINDOWS\system32\mswsock.dll
0x6fdd0000 - 0x6fde3000 	C:\WINDOWS\SYSTEM32\CRYPTSP.dll
0x6f9c0000 - 0x6f9ef000 	C:\WINDOWS\system32\rsaenh.dll
0x70b60000 - 0x70b7b000 	C:\WINDOWS\SYSTEM32\bcrypt.dll
0x73730000 - 0x7374a000 	C:\WINDOWS\SYSTEM32\USERENV.dll
0x73610000 - 0x7363f000 	C:\WINDOWS\SYSTEM32\IPHLPAPI.DLL
0x76eb0000 - 0x76eb7000 	C:\WINDOWS\System32\NSI.dll
0x6a140000 - 0x6a153000 	C:\WINDOWS\SYSTEM32\dhcpcsvc6.DLL
0x60f00000 - 0x60f14000 	C:\WINDOWS\SYSTEM32\dhcpcsvc.DLL
0x51ac0000 - 0x51acf000 	E:\MyProgramFiles\Java\jdk1.8.0_112\jre\bin\nio.dll
0x70bc0000 - 0x70c3c000 	C:\WINDOWS\SYSTEM32\DNSAPI.dll
0x70b90000 - 0x70bb1000 	C:\Program Files (x86)\Bonjour\mdnsNSP.dll
0x70b80000 - 0x70b88000 	C:\Windows\System32\rasadhlp.dll
0x70ab0000 - 0x70af9000 	C:\WINDOWS\System32\fwpuclnt.dll
0x50050000 - 0x50070000 	E:\MyProgramFiles\Java\jdk1.8.0_112\jre\bin\sunec.dll
0x71820000 - 0x71965000 	C:\WINDOWS\SYSTEM32\dbghelp.dll

VM Arguments:
jvm_args: -ea -Didea.launcher.port=7537 -Didea.launcher.bin.path=E:\MyProgram Files\JetBrains\IntelliJ IDEA Community Edition 2016.3.2\bin -Dfile.encoding=UTF-8 
java_command: com.intellij.rt.execution.application.AppMain org.testng.RemoteTestNGStarter -usedefaultlisteners false -socket59345 @w@C:\Users\vanwh\AppData\Local\Temp\idea_working_dirs_testng.tmp -temp C:\Users\vanwh\AppData\Local\Temp\idea_testng.tmp
java_class_path (initial): E:\MyProgram Files\JetBrains\IntelliJ IDEA Community Edition 2016.3.2\lib\idea_rt.jar;E:\MyProgram Files\JetBrains\IntelliJ IDEA Community Edition 2016.3.2\plugins\testng\lib\testng-plugin.jar;E:\MyProgramFiles\Java\jdk1.8.0_112\jre\lib\charsets.jar;E:\MyProgramFiles\Java\jdk1.8.0_112\jre\lib\deploy.jar;E:\MyProgramFiles\Java\jdk1.8.0_112\jre\lib\ext\access-bridge-32.jar;E:\MyProgramFiles\Java\jdk1.8.0_112\jre\lib\ext\cldrdata.jar;E:\MyProgramFiles\Java\jdk1.8.0_112\jre\lib\ext\dnsns.jar;E:\MyProgramFiles\Java\jdk1.8.0_112\jre\lib\ext\jaccess.jar;E:\MyProgramFiles\Java\jdk1.8.0_112\jre\lib\ext\jfxrt.jar;E:\MyProgramFiles\Java\jdk1.8.0_112\jre\lib\ext\localedata.jar;E:\MyProgramFiles\Java\jdk1.8.0_112\jre\lib\ext\nashorn.jar;E:\MyProgramFiles\Java\jdk1.8.0_112\jre\lib\ext\sunec.jar;E:\MyProgramFiles\Java\jdk1.8.0_112\jre\lib\ext\sunjce_provider.jar;E:\MyProgramFiles\Java\jdk1.8.0_112\jre\lib\ext\sunmscapi.jar;E:\MyProgramFiles\Java\jdk1.8.0_112\jre\lib\ext\sunpkcs11.jar;E:\MyProgramFiles\Java\jdk1.8.0_112\jre\lib\ext\zipfs.jar;E:\MyProgramFiles\Java\jdk1.8.0_112\jre\lib\javaws.jar;E:\MyProgramFiles\Java\jdk1.8.0_112\jre\lib\jce.jar;E:\MyProgramFiles\Java\jdk1.8.0_112\jre\lib\jfr.jar;E:\MyProgramFiles\Java\jdk1.8.0_112\jre\lib\jfxswt.jar;E:\MyProgramFiles\Java\jdk1.8.0_112\jre\lib\jsse.jar;E:\MyProgramFiles\Java\jdk1.8.0_112\jre\lib\management-agent.jar;E:\MyProgramFiles\Java\jdk1.8.0_112\jre\lib\plugin.jar;E:\MyProgramFiles\Java\jdk1.8.0_112\jre\lib\resources.jar;E:\MyProgramFiles\Java\jdk1.8.0_112\jre\lib\rt.jar;C:\Users\vanwh\IdeaProjects\TestProject\target\test-classes;C:\Users\vanwh\.m2\repository\org\seleniumhq\selenium\selenium-java\3.0.1\selenium-java-3.0.1.jar;C:\Users\vanwh\.m2\repository\org\seleniumhq\selenium\selenium-chrome-driver\3.0.1\selenium-chrome-driver-3.0.1.jar;C:\Users\vanwh\.m2\repository\org\seleniumhq\selenium\selenium-remote-driver\3.0.1\selenium-remote-driver-3.0.1.jar;C:\Users\vanwh\.m2\repository\org\seleniumh
Launcher Type: SUN_STANDARD

Environment Variables:
JAVA_HOME=E:\MyProgramFiles\Java\jdk1.8.0_112
PATH=C:\ProgramData\Oracle\Java\javapath;C:\Program Files (x86)\Intel\iCLS Client\;C:\Program Files\Intel\iCLS Client\;C:\WINDOWS\system32;C:\WINDOWS;C:\WINDOWS\System32\Wbem;C:\WINDOWS\System32\WindowsPowerShell\v1.0\;C:\Program Files\Intel\WiFi\bin\;C:\Program Files\Common Files\Intel\WirelessCommon\;C:\Program Files (x86)\Intel\Intel(R) Management Engine Components\DAL;C:\Program Files\Intel\Intel(R) Management Engine Components\DAL;C:\Program Files (x86)\Intel\Intel(R) Management Engine Components\IPT;C:\Program Files\Intel\Intel(R) Management Engine Components\IPT;E:\MyProgramFiles\Git\cmd;E:\MyProgramFiles\nodejs\;C:\Program Files (x86)\Skype\Phone\;E:\MyProgramFiles\webdrivers;E:\MyProgramFiles\apache-maven-3.3.9\bin;C:\Users\vanwh\AppData\Local\Microsoft\WindowsApps;E:\Users\vanwh\AppData\Local\Android\sdk\tools;E:\Users\vanwh\AppData\Local\Android\sdk\platform-tools;C:\Users\vanwh\AppData\Roaming\npm;E:\MyProgramFiles\Java\jdk1.8.0_112\bin
USERNAME=vanwh
OS=Windows_NT
PROCESSOR_IDENTIFIER=Intel64 Family 6 Model 78 Stepping 3, GenuineIntel



---------------  S Y S T E M  ---------------

OS: Windows 10.0 , 64 bit Build 14393 (10.0.14393.0)

CPU:total 4 (2 cores per cpu, 2 threads per core) family 6 model 78 stepping 3, cmov, cx8, fxsr, mmx, sse, sse2, sse3, ssse3, sse4.1, sse4.2, popcnt, avx, avx2, aes, clmul, erms, 3dnowpref, lzcnt, ht, tsc, tscinvbit, bmi1, bmi2, adx

Memory: 4k page, physical 12458912k(5957972k free), swap 14359456k(4195160k free)

vm_info: Java HotSpot(TM) Client VM (25.112-b15) for windows-x86 JRE (1.8.0_112-b15), built on Sep 22 2016 21:03:20 by "java_re" with MS VC++ 10.0 (VS2010)

time: Mon Mar 06 14:54:03 2017
elapsed time: 47 seconds (0d 0h 0m 47s)

